<?xml version="1.0" encoding="UTF-8"?>
<coverage generated="1692368603409" clover="3.2.0">
  <project timestamp="1692368603410" name="All files">
    <metrics statements="57" coveredstatements="57" conditionals="14" coveredconditionals="14" methods="18" coveredmethods="18" elements="89" coveredelements="89" complexity="0" loc="57" ncloc="57" packages="3" files="10" classes="10"/>
    <package name="src">
      <metrics statements="17" coveredstatements="17" conditionals="2" coveredconditionals="2" methods="5" coveredmethods="5"/>
      <file name="GildedRose.js" path="/home/asmodai/Projects/GildedRose-Refactoring-Kata/js-jest/src/GildedRose.js">
        <metrics statements="5" coveredstatements="5" conditionals="0" coveredconditionals="0" methods="3" coveredmethods="3"/>
        <line num="1" count="1" type="stmt"/>
        <line num="5" count="1" type="stmt"/>
        <line num="9" count="1" type="stmt"/>
        <line num="10" count="1" type="stmt"/>
        <line num="14" count="1" type="stmt"/>
      </file>
      <file name="Item.js" path="/home/asmodai/Projects/GildedRose-Refactoring-Kata/js-jest/src/Item.js">
        <metrics statements="4" coveredstatements="4" conditionals="0" coveredconditionals="0" methods="1" coveredmethods="1"/>
        <line num="3" count="164" type="stmt"/>
        <line num="4" count="164" type="stmt"/>
        <line num="5" count="164" type="stmt"/>
        <line num="9" count="7" type="stmt"/>
      </file>
      <file name="item_updater.js" path="/home/asmodai/Projects/GildedRose-Refactoring-Kata/js-jest/src/item_updater.js">
        <metrics statements="8" coveredstatements="8" conditionals="2" coveredconditionals="2" methods="1" coveredmethods="1"/>
        <line num="1" count="7" type="stmt"/>
        <line num="2" count="7" type="stmt"/>
        <line num="3" count="7" type="stmt"/>
        <line num="4" count="7" type="stmt"/>
        <line num="5" count="7" type="stmt"/>
        <line num="7" count="7" type="stmt"/>
        <line num="13" count="7" type="stmt"/>
        <line num="14" count="85" type="cond" truecount="2" falsecount="0"/>
      </file>
    </package>
    <package name="src.updaters">
      <metrics statements="34" coveredstatements="34" conditionals="12" coveredconditionals="12" methods="12" coveredmethods="12"/>
      <file name="AgedBrie.js" path="/home/asmodai/Projects/GildedRose-Refactoring-Kata/js-jest/src/updaters/AgedBrie.js">
        <metrics statements="3" coveredstatements="3" conditionals="2" coveredconditionals="2" methods="1" coveredmethods="1"/>
        <line num="1" count="7" type="stmt"/>
        <line num="5" count="14" type="cond" truecount="2" falsecount="0"/>
        <line num="9" count="7" type="stmt"/>
      </file>
      <file name="Backstage.js" path="/home/asmodai/Projects/GildedRose-Refactoring-Kata/js-jest/src/updaters/Backstage.js">
        <metrics statements="9" coveredstatements="9" conditionals="6" coveredconditionals="6" methods="1" coveredmethods="1"/>
        <line num="1" count="7" type="stmt"/>
        <line num="5" count="24" type="cond" truecount="2" falsecount="0"/>
        <line num="6" count="13" type="stmt"/>
        <line num="8" count="11" type="cond" truecount="2" falsecount="0"/>
        <line num="9" count="5" type="stmt"/>
        <line num="11" count="6" type="cond" truecount="2" falsecount="0"/>
        <line num="12" count="5" type="stmt"/>
        <line num="14" count="1" type="stmt"/>
        <line num="18" count="7" type="stmt"/>
      </file>
      <file name="Conjured.js" path="/home/asmodai/Projects/GildedRose-Refactoring-Kata/js-jest/src/updaters/Conjured.js">
        <metrics statements="3" coveredstatements="3" conditionals="2" coveredconditionals="2" methods="1" coveredmethods="1"/>
        <line num="1" count="7" type="stmt"/>
        <line num="5" count="14" type="cond" truecount="2" falsecount="0"/>
        <line num="9" count="7" type="stmt"/>
      </file>
      <file name="NormalItem.js" path="/home/asmodai/Projects/GildedRose-Refactoring-Kata/js-jest/src/updaters/NormalItem.js">
        <metrics statements="3" coveredstatements="3" conditionals="2" coveredconditionals="2" methods="1" coveredmethods="1"/>
        <line num="1" count="7" type="stmt"/>
        <line num="5" count="15" type="cond" truecount="2" falsecount="0"/>
        <line num="9" count="7" type="stmt"/>
      </file>
      <file name="Sulfuras.js" path="/home/asmodai/Projects/GildedRose-Refactoring-Kata/js-jest/src/updaters/Sulfuras.js">
        <metrics statements="4" coveredstatements="4" conditionals="0" coveredconditionals="0" methods="2" coveredmethods="2"/>
        <line num="1" count="7" type="stmt"/>
        <line num="5" count="13" type="stmt"/>
        <line num="9" count="13" type="stmt"/>
        <line num="13" count="7" type="stmt"/>
      </file>
      <file name="Updater.js" path="/home/asmodai/Projects/GildedRose-Refactoring-Kata/js-jest/src/updaters/Updater.js">
        <metrics statements="12" coveredstatements="12" conditionals="0" coveredconditionals="0" methods="6" coveredmethods="6"/>
        <line num="4" count="85" type="stmt"/>
        <line num="5" count="85" type="stmt"/>
        <line num="6" count="85" type="stmt"/>
        <line num="10" count="80" type="stmt"/>
        <line num="11" count="80" type="stmt"/>
        <line num="15" count="80" type="stmt"/>
        <line num="16" count="80" type="stmt"/>
        <line num="17" count="80" type="stmt"/>
        <line num="21" count="80" type="stmt"/>
        <line num="25" count="13" type="stmt"/>
        <line num="29" count="67" type="stmt"/>
        <line num="33" count="7" type="stmt"/>
      </file>
    </package>
    <package name="test">
      <metrics statements="6" coveredstatements="6" conditionals="0" coveredconditionals="0" methods="1" coveredmethods="1"/>
      <file name="helper.js" path="/home/asmodai/Projects/GildedRose-Refactoring-Kata/js-jest/test/helper.js">
        <metrics statements="6" coveredstatements="6" conditionals="0" coveredconditionals="0" methods="1" coveredmethods="1"/>
        <line num="1" count="5" type="stmt"/>
        <line num="2" count="5" type="stmt"/>
        <line num="4" count="5" type="stmt"/>
        <line num="5" count="79" type="stmt"/>
        <line num="6" count="79" type="stmt"/>
        <line num="7" count="79" type="stmt"/>
      </file>
    </package>
  </project>
</coverage>
