TN:
SF:/home/asmodai/Projects/GildedRose-Refactoring-Kata/js-jest/src/GildedRose.js
FN:4,(anonymous_0)
FN:8,(anonymous_1)
FN:9,(anonymous_2)
FNF:3
FNH:3
FNDA:1,(anonymous_0)
FNDA:1,(anonymous_1)
FNDA:1,(anonymous_2)
DA:1,1
DA:5,1
DA:9,1
DA:10,1
DA:14,1
LF:5
LH:5
BRF:0
BRH:0
end_of_record
TN:
SF:/home/asmodai/Projects/GildedRose-Refactoring-Kata/js-jest/src/Item.js
FN:2,(anonymous_0)
FNF:1
FNH:1
FNDA:164,(anonymous_0)
DA:3,164
DA:4,164
DA:5,164
DA:9,7
LF:4
LH:4
BRF:0
BRH:0
end_of_record
TN:
SF:/home/asmodai/Projects/GildedRose-Refactoring-Kata/js-jest/src/item_updater.js
FN:13,(anonymous_0)
FNF:1
FNH:1
FNDA:85,(anonymous_0)
DA:1,7
DA:2,7
DA:3,7
DA:4,7
DA:5,7
DA:7,7
DA:13,7
DA:14,85
LF:8
LH:8
BRDA:14,0,0,69
BRDA:14,0,1,16
BRF:2
BRH:2
end_of_record
TN:
SF:/home/asmodai/Projects/GildedRose-Refactoring-Kata/js-jest/src/updaters/AgedBrie.js
FN:4,(anonymous_0)
FNF:1
FNH:1
FNDA:14,(anonymous_0)
DA:1,7
DA:5,14
DA:9,7
LF:3
LH:3
BRDA:5,0,0,12
BRDA:5,0,1,2
BRF:2
BRH:2
end_of_record
TN:
SF:/home/asmodai/Projects/GildedRose-Refactoring-Kata/js-jest/src/updaters/Backstage.js
FN:4,(anonymous_0)
FNF:1
FNH:1
FNDA:24,(anonymous_0)
DA:1,7
DA:5,24
DA:6,13
DA:8,11
DA:9,5
DA:11,6
DA:12,5
DA:14,1
DA:18,7
LF:9
LH:9
BRDA:5,0,0,13
BRDA:5,0,1,11
BRDA:8,1,0,5
BRDA:8,1,1,6
BRDA:11,2,0,5
BRDA:11,2,1,1
BRF:6
BRH:6
end_of_record
TN:
SF:/home/asmodai/Projects/GildedRose-Refactoring-Kata/js-jest/src/updaters/Conjured.js
FN:4,(anonymous_0)
FNF:1
FNH:1
FNDA:14,(anonymous_0)
DA:1,7
DA:5,14
DA:9,7
LF:3
LH:3
BRDA:5,0,0,12
BRDA:5,0,1,2
BRF:2
BRH:2
end_of_record
TN:
SF:/home/asmodai/Projects/GildedRose-Refactoring-Kata/js-jest/src/updaters/NormalItem.js
FN:4,(anonymous_0)
FNF:1
FNH:1
FNDA:15,(anonymous_0)
DA:1,7
DA:5,15
DA:9,7
LF:3
LH:3
BRDA:5,0,0,13
BRDA:5,0,1,2
BRF:2
BRH:2
end_of_record
TN:
SF:/home/asmodai/Projects/GildedRose-Refactoring-Kata/js-jest/src/updaters/Sulfuras.js
FN:4,(anonymous_0)
FN:8,(anonymous_1)
FNF:2
FNH:2
FNDA:13,(anonymous_0)
FNDA:13,(anonymous_1)
DA:1,7
DA:5,13
DA:9,13
DA:13,7
LF:4
LH:4
BRF:0
BRH:0
end_of_record
TN:
SF:/home/asmodai/Projects/GildedRose-Refactoring-Kata/js-jest/src/updaters/Updater.js
FN:3,(anonymous_0)
FN:9,(anonymous_1)
FN:14,(anonymous_2)
FN:20,(anonymous_3)
FN:24,(anonymous_4)
FN:28,(anonymous_5)
FNF:6
FNH:6
FNDA:85,(anonymous_0)
FNDA:80,(anonymous_1)
FNDA:80,(anonymous_2)
FNDA:80,(anonymous_3)
FNDA:13,(anonymous_4)
FNDA:67,(anonymous_5)
DA:4,85
DA:5,85
DA:6,85
DA:10,80
DA:11,80
DA:15,80
DA:16,80
DA:17,80
DA:21,80
DA:25,13
DA:29,67
DA:33,7
LF:12
LH:12
BRF:0
BRH:0
end_of_record
TN:
SF:/home/asmodai/Projects/GildedRose-Refactoring-Kata/js-jest/test/helper.js
FN:4,addAndUpdateItem
FNF:1
FNH:1
FNDA:79,addAndUpdateItem
DA:1,5
DA:2,5
DA:4,5
DA:5,79
DA:6,79
DA:7,79
LF:6
LH:6
BRF:0
BRH:0
end_of_record
